app/build/intermediates/manifest_merge_blame_file/debug/manifest-merger-blame-debug-report.txt
1<?xml version="1.0" encoding="utf-8"?>
2<manifest xmlns:android="http://schemas.android.com/apk/res/android"
3    package="com.example.sikstagram"
4    android:versionCode="1"
5    android:versionName="1.0" >
6
7    <uses-sdk
8        android:minSdkVersion="17"
8-->src\main\AndroidManifest.xml
9        android:targetSdkVersion="28" />
9-->src\main\AndroidManifest.xml
10
11    <uses-permission android:name="android.permission.WRITE_EXTERNAL_STORAGE" />
11-->src\main\AndroidManifest.xml:5:5-80
11-->src\main\AndroidManifest.xml:5:22-78
12    <uses-permission android:name="android.permission.READ_EXTERNAL_STORAGE" />
12-->src\main\AndroidManifest.xml:6:5-79
12-->src\main\AndroidManifest.xml:6:22-77
13
14    <!-- Required permission for App measurement to run. -->
15    <uses-permission android:name="android.permission.INTERNET" />
15-->[com.google.firebase:firebase-analytics:11.8.0] AndroidManifest.xml:23:5-67
15-->[com.google.firebase:firebase-analytics:11.8.0] AndroidManifest.xml:23:22-64
16    <uses-permission android:name="android.permission.ACCESS_NETWORK_STATE" />
16-->[com.google.firebase:firebase-analytics:11.8.0] AndroidManifest.xml:24:5-79
16-->[com.google.firebase:firebase-analytics:11.8.0] AndroidManifest.xml:24:22-76
17    <uses-permission android:name="android.permission.WAKE_LOCK" /> <!-- Required by older versions of Google Play services to create IID tokens -->
17-->[com.google.firebase:firebase-analytics:11.8.0] AndroidManifest.xml:25:5-68
17-->[com.google.firebase:firebase-analytics:11.8.0] AndroidManifest.xml:25:22-65
18    <uses-permission android:name="com.google.android.c2dm.permission.RECEIVE" />
18-->[com.google.firebase:firebase-iid:11.8.0] AndroidManifest.xml:26:5-82
18-->[com.google.firebase:firebase-iid:11.8.0] AndroidManifest.xml:26:22-79
19
20    <permission
20-->[com.google.firebase:firebase-iid:11.8.0] AndroidManifest.xml:28:5-30:47
21        android:name="com.example.sikstagram.permission.C2D_MESSAGE"
21-->[com.google.firebase:firebase-iid:11.8.0] AndroidManifest.xml:29:9-63
22        android:protectionLevel="signature" />
22-->[com.google.firebase:firebase-iid:11.8.0] AndroidManifest.xml:30:9-44
23
24    <uses-permission android:name="com.example.sikstagram.permission.C2D_MESSAGE" />
24-->[com.google.firebase:firebase-iid:11.8.0] AndroidManifest.xml:32:5-79
24-->[com.google.firebase:firebase-iid:11.8.0] AndroidManifest.xml:32:22-76
25
26    <application
26-->src\main\AndroidManifest.xml:8:5-29:19
27        android:allowBackup="true"
27-->src\main\AndroidManifest.xml:9:9-35
28        android:appComponentFactory="androidx.core.app.CoreComponentFactory"
28-->[androidx.core:core:1.0.1] AndroidManifest.xml:22:18-86
29        android:debuggable="true"
30        android:icon="@mipmap/ic_launcher"
30-->src\main\AndroidManifest.xml:10:9-43
31        android:label="@string/app_name"
31-->src\main\AndroidManifest.xml:11:9-41
32        android:roundIcon="@mipmap/ic_launcher_round"
32-->src\main\AndroidManifest.xml:12:9-54
33        android:supportsRtl="true"
33-->src\main\AndroidManifest.xml:13:9-35
34        android:testOnly="true"
35        android:theme="@style/AppTheme" >
35-->src\main\AndroidManifest.xml:14:9-40
36        <activity android:name="com.example.sikstagram.PostActivity" />
36-->src\main\AndroidManifest.xml:15:9-59
36-->src\main\AndroidManifest.xml:15:19-47
37        <activity android:name="com.example.sikstagram.MainActivity" />
37-->src\main\AndroidManifest.xml:16:9-50
37-->src\main\AndroidManifest.xml:16:19-47
38        <activity
38-->src\main\AndroidManifest.xml:17:9-18:58
39            android:name="com.theartofdev.edmodo.cropper.CropImageActivity"
39-->src\main\AndroidManifest.xml:17:19-82
40            android:theme="@style/Base.Theme.AppCompat" />
40-->src\main\AndroidManifest.xml:18:13-56
41        <activity android:name="com.example.sikstagram.RegisterActivity" />
41-->src\main\AndroidManifest.xml:19:9-54
41-->src\main\AndroidManifest.xml:19:19-51
42        <activity android:name="com.example.sikstagram.CommentsActivity" />
42-->src\main\AndroidManifest.xml:20:9-53
42-->src\main\AndroidManifest.xml:20:19-51
43        <activity android:name="com.example.sikstagram.LoginActivity" />
43-->src\main\AndroidManifest.xml:21:9-51
43-->src\main\AndroidManifest.xml:21:19-48
44        <activity android:name="com.example.sikstagram.StartActivity" >
44-->src\main\AndroidManifest.xml:22:9-28:20
44-->src\main\AndroidManifest.xml:22:19-48
45            <intent-filter>
45-->src\main\AndroidManifest.xml:23:13-27:29
46                <action android:name="android.intent.action.MAIN" />
46-->src\main\AndroidManifest.xml:24:17-69
46-->src\main\AndroidManifest.xml:24:25-66
47
48                <category android:name="android.intent.category.LAUNCHER" />
48-->src\main\AndroidManifest.xml:26:17-77
48-->src\main\AndroidManifest.xml:26:27-74
49            </intent-filter>
50        </activity>
51        <activity
51-->[com.google.firebase:firebase-auth:11.8.0] AndroidManifest.xml:23:9-29:75
52            android:name="com.google.firebase.auth.internal.FederatedSignInActivity"
52-->[com.google.firebase:firebase-auth:11.8.0] AndroidManifest.xml:24:13-85
53            android:excludeFromRecents="true"
53-->[com.google.firebase:firebase-auth:11.8.0] AndroidManifest.xml:25:13-46
54            android:exported="true"
54-->[com.google.firebase:firebase-auth:11.8.0] AndroidManifest.xml:26:13-36
55            android:launchMode="singleInstance"
55-->[com.google.firebase:firebase-auth:11.8.0] AndroidManifest.xml:27:13-48
56            android:permission="com.google.firebase.auth.api.gms.permission.LAUNCH_FEDERATED_SIGN_IN"
56-->[com.google.firebase:firebase-auth:11.8.0] AndroidManifest.xml:28:13-102
57            android:theme="@android:style/Theme.Translucent.NoTitleBar" />
57-->[com.google.firebase:firebase-auth:11.8.0] AndroidManifest.xml:29:13-72
58        <activity
58-->[com.google.android.gms:play-services-base:11.8.0] AndroidManifest.xml:23:9-26:75
59            android:name="com.google.android.gms.common.api.GoogleApiActivity"
59-->[com.google.android.gms:play-services-base:11.8.0] AndroidManifest.xml:24:13-79
60            android:exported="false"
60-->[com.google.android.gms:play-services-base:11.8.0] AndroidManifest.xml:25:13-37
61            android:theme="@android:style/Theme.Translucent.NoTitleBar" />
61-->[com.google.android.gms:play-services-base:11.8.0] AndroidManifest.xml:26:13-72
62
63        <receiver
63-->[com.google.firebase:firebase-analytics:11.8.0] AndroidManifest.xml:28:9-32:20
64            android:name="com.google.android.gms.measurement.AppMeasurementReceiver"
64-->[com.google.firebase:firebase-analytics:11.8.0] AndroidManifest.xml:29:13-85
65            android:enabled="true"
65-->[com.google.firebase:firebase-analytics:11.8.0] AndroidManifest.xml:30:13-35
66            android:exported="false" >
66-->[com.google.firebase:firebase-analytics:11.8.0] AndroidManifest.xml:31:13-37
67        </receiver>
68        <receiver
68-->[com.google.firebase:firebase-analytics:11.8.0] AndroidManifest.xml:33:9-41:20
69            android:name="com.google.android.gms.measurement.AppMeasurementInstallReferrerReceiver"
69-->[com.google.firebase:firebase-analytics:11.8.0] AndroidManifest.xml:34:13-100
70            android:enabled="true"
70-->[com.google.firebase:firebase-analytics:11.8.0] AndroidManifest.xml:35:13-35
71            android:exported="true"
71-->[com.google.firebase:firebase-analytics:11.8.0] AndroidManifest.xml:36:13-36
72            android:permission="android.permission.INSTALL_PACKAGES" >
72-->[com.google.firebase:firebase-analytics:11.8.0] AndroidManifest.xml:37:13-69
73            <intent-filter>
73-->[com.google.firebase:firebase-analytics:11.8.0] AndroidManifest.xml:38:13-40:29
74                <action android:name="com.android.vending.INSTALL_REFERRER" />
74-->[com.google.firebase:firebase-analytics:11.8.0] AndroidManifest.xml:39:17-79
74-->[com.google.firebase:firebase-analytics:11.8.0] AndroidManifest.xml:39:25-76
75            </intent-filter>
76        </receiver>
77
78        <service
78-->[com.google.firebase:firebase-analytics:11.8.0] AndroidManifest.xml:43:9-46:40
79            android:name="com.google.android.gms.measurement.AppMeasurementService"
79-->[com.google.firebase:firebase-analytics:11.8.0] AndroidManifest.xml:44:13-84
80            android:enabled="true"
80-->[com.google.firebase:firebase-analytics:11.8.0] AndroidManifest.xml:45:13-35
81            android:exported="false" />
81-->[com.google.firebase:firebase-analytics:11.8.0] AndroidManifest.xml:46:13-37
82        <service
82-->[com.google.firebase:firebase-analytics:11.8.0] AndroidManifest.xml:47:9-51:72
83            android:name="com.google.android.gms.measurement.AppMeasurementJobService"
83-->[com.google.firebase:firebase-analytics:11.8.0] AndroidManifest.xml:48:13-87
84            android:enabled="true"
84-->[com.google.firebase:firebase-analytics:11.8.0] AndroidManifest.xml:49:13-35
85            android:exported="false"
85-->[com.google.firebase:firebase-analytics:11.8.0] AndroidManifest.xml:50:13-37
86            android:permission="android.permission.BIND_JOB_SERVICE" />
86-->[com.google.firebase:firebase-analytics:11.8.0] AndroidManifest.xml:51:13-69
87
88        <receiver
88-->[com.google.firebase:firebase-iid:11.8.0] AndroidManifest.xml:35:9-44:20
89            android:name="com.google.firebase.iid.FirebaseInstanceIdReceiver"
89-->[com.google.firebase:firebase-iid:11.8.0] AndroidManifest.xml:36:13-78
90            android:exported="true"
90-->[com.google.firebase:firebase-iid:11.8.0] AndroidManifest.xml:37:13-36
91            android:permission="com.google.android.c2dm.permission.SEND" >
91-->[com.google.firebase:firebase-iid:11.8.0] AndroidManifest.xml:38:13-73
92            <intent-filter>
92-->[com.google.firebase:firebase-iid:11.8.0] AndroidManifest.xml:39:13-43:29
93                <action android:name="com.google.android.c2dm.intent.RECEIVE" />
93-->[com.google.firebase:firebase-iid:11.8.0] AndroidManifest.xml:40:17-81
93-->[com.google.firebase:firebase-iid:11.8.0] AndroidManifest.xml:40:25-78
94
95                <category android:name="com.example.sikstagram" />
95-->[com.google.firebase:firebase-iid:11.8.0] AndroidManifest.xml:42:17-61
95-->[com.google.firebase:firebase-iid:11.8.0] AndroidManifest.xml:42:27-58
96            </intent-filter>
97        </receiver>
98        <!--
99             FirebaseInstanceIdService performs security checks at runtime,
100             no need for explicit permissions despite exported="true"
101        -->
102        <service
102-->[com.google.firebase:firebase-iid:11.8.0] AndroidManifest.xml:50:9-56:19
103            android:name="com.google.firebase.iid.FirebaseInstanceIdService"
103-->[com.google.firebase:firebase-iid:11.8.0] AndroidManifest.xml:51:13-77
104            android:exported="true" >
104-->[com.google.firebase:firebase-iid:11.8.0] AndroidManifest.xml:52:13-36
105            <intent-filter android:priority="-500" >
105-->[com.google.firebase:firebase-iid:11.8.0] AndroidManifest.xml:53:13-55:29
105-->[com.google.firebase:firebase-iid:11.8.0] AndroidManifest.xml:53:28-51
106                <action android:name="com.google.firebase.INSTANCE_ID_EVENT" />
106-->[com.google.firebase:firebase-iid:11.8.0] AndroidManifest.xml:54:17-80
106-->[com.google.firebase:firebase-iid:11.8.0] AndroidManifest.xml:54:25-77
107            </intent-filter>
108        </service>
109
110        <provider
110-->[com.google.firebase:firebase-common:11.8.0] AndroidManifest.xml:8:9-12:39
111            android:name="com.google.firebase.provider.FirebaseInitProvider"
111-->[com.google.firebase:firebase-common:11.8.0] AndroidManifest.xml:9:13-77
112            android:authorities="com.example.sikstagram.firebaseinitprovider"
112-->[com.google.firebase:firebase-common:11.8.0] AndroidManifest.xml:10:13-72
113            android:exported="false"
113-->[com.google.firebase:firebase-common:11.8.0] AndroidManifest.xml:11:13-37
114            android:initOrder="100" />
114-->[com.google.firebase:firebase-common:11.8.0] AndroidManifest.xml:12:13-36
115
116        <meta-data
116-->[com.google.android.gms:play-services-basement:11.8.0] AndroidManifest.xml:23:9-25:69
117            android:name="com.google.android.gms.version"
117-->[com.google.android.gms:play-services-basement:11.8.0] AndroidManifest.xml:24:13-58
118            android:value="@integer/google_play_services_version" />
118-->[com.google.android.gms:play-services-basement:11.8.0] AndroidManifest.xml:25:13-66
119    </application>
120
121</manifest>